<?xml version="1.0" encoding="UTF-8"?>
<!-- Generated by org.testng.reporters.JUnitReportReporter -->
<testsuite skipped="0" hostname="LAPTOP-QG656GQD" name="tests.Testng_Demo1" tests="1" failures="0" timestamp="2022-05-21T17:31:34 IST" time="20.371" errors="0">
  <testcase name="searchTest" time="20.371" classname="tests.Testng_Demo1"/>
  <system-out/>
</testsuite> <!-- tests.Testng_Demo1 -->
