<?xml version="1.0" encoding="UTF-8"?>
<!-- Generated by org.testng.reporters.JUnitReportReporter -->
<testsuite skipped="0" hostname="LAPTOP-QG656GQD" name="Testng_Demo2" tests="1" failures="0" timestamp="2022-05-21T17:31:34 IST" time="13.731" errors="0">
  <testcase name="clickShopByCatComp" time="13.731" classname="Testng_Demo2"/>
  <system-out/>
</testsuite> <!-- Testng_Demo2 -->
