<?xml version="1.0" encoding="UTF-8"?>
<!-- Generated by org.testng.reporters.JUnitReportReporter -->
<testsuite skipped="0" hostname="LAPTOP-QG656GQD" name="tests.ExtentReportDemo_TestNG" tests="3" failures="0" timestamp="2022-05-21T17:31:34 IST" time="20.975" errors="0">
  <testcase name="footerComp" time="4.062" classname="tests.ExtentReportDemo_TestNG"/>
  <system-out/>
  <testcase name="searchTest" time="16.881" classname="tests.ExtentReportDemo_TestNG"/>
  <system-out/>
  <testcase name="shopByCatComp" time="0.032" classname="tests.ExtentReportDemo_TestNG"/>
  <system-out/>
</testsuite> <!-- tests.ExtentReportDemo_TestNG -->
